ARM GAS  C:\Users\USUARIO\AppData\Local\Temp\ccbY610b.s 			page 1


   1              		.syntax unified
   2              		.cpu cortex-m3
   3              		.fpu softvfp
   4              		.eabi_attribute 20, 1
   5              		.eabi_attribute 21, 1
   6              		.eabi_attribute 23, 3
   7              		.eabi_attribute 24, 1
   8              		.eabi_attribute 25, 1
   9              		.eabi_attribute 26, 1
  10              		.eabi_attribute 30, 1
  11              		.eabi_attribute 34, 1
  12              		.eabi_attribute 18, 4
  13              		.thumb
  14              		.syntax unified
  15              		.file	"iprintf.c"
  16              		.text
  17              	.Ltext0:
  18              		.cfi_sections	.debug_frame
  19              		.section	.text.change,"ax",%progbits
  20              		.align	2
  21              		.thumb
  22              		.thumb_func
  23              		.type	change, %function
  24              	change:
  25              	.LFB63:
  26              		.file 1 "iprintf.c"
   1:iprintf.c     **** /******************************************************************************
   2:iprintf.c     **** *This file is for iprintf()
   3:iprintf.c     **** *The iprintf() is a simple printf() and only can print string with %s,%d,%c,%x.
   4:iprintf.c     **** *******************************************************************************/
   5:iprintf.c     **** #include <iprintf.h>
   6:iprintf.c     **** 
   7:iprintf.c     **** 
   8:iprintf.c     **** static uint8* change(uint32 Index)
   9:iprintf.c     **** {
  27              		.loc 1 9 0
  28              		.cfi_startproc
  29              		@ args = 0, pretend = 0, frame = 0
  30              		@ frame_needed = 0, uses_anonymous_args = 0
  31              		@ link register save eliminated.
  32              	.LVL0:
  10:iprintf.c     ****     return (uint8*)("0123456789abcdef"+Index);
  11:iprintf.c     **** }
  33              		.loc 1 11 0
  34 0000 014B     		ldr	r3, .L2
  35 0002 1844     		add	r0, r0, r3
  36              	.LVL1:
  37 0004 7047     		bx	lr
  38              	.L3:
  39 0006 00BF     		.align	2
  40              	.L2:
  41 0008 00000000 		.word	.LC0
  42              		.cfi_endproc
  43              	.LFE63:
  44              		.size	change, .-change
  45              		.section	.text.iprintf,"ax",%progbits
  46              		.align	2
ARM GAS  C:\Users\USUARIO\AppData\Local\Temp\ccbY610b.s 			page 2


  47              		.global	iprintf
  48              		.thumb
  49              		.thumb_func
  50              		.type	iprintf, %function
  51              	iprintf:
  52              	.LFB64:
  12:iprintf.c     **** 
  13:iprintf.c     **** 
  14:iprintf.c     **** int iprintf(const char*pszFmt,...)
  15:iprintf.c     **** {
  53              		.loc 1 15 0
  54              		.cfi_startproc
  55              		@ args = 4, pretend = 16, frame = 48
  56              		@ frame_needed = 0, uses_anonymous_args = 1
  57              	.LVL2:
  58 0000 0FB4     		push	{r0, r1, r2, r3}
  59              		.cfi_def_cfa_offset 16
  60              		.cfi_offset 0, -16
  61              		.cfi_offset 1, -12
  62              		.cfi_offset 2, -8
  63              		.cfi_offset 3, -4
  64 0002 70B5     		push	{r4, r5, r6, lr}
  65              		.cfi_def_cfa_offset 32
  66              		.cfi_offset 4, -32
  67              		.cfi_offset 5, -28
  68              		.cfi_offset 6, -24
  69              		.cfi_offset 14, -20
  70 0004 8CB0     		sub	sp, sp, #48
  71              		.cfi_def_cfa_offset 80
  72              	.LVL3:
  16:iprintf.c     ****     uint8 *pszVal;
  17:iprintf.c     ****     uint32 iVal, xVal, i = 0, buffer[12], index = 1;
  73              		.loc 1 17 0
  74 0006 0124     		movs	r4, #1
  18:iprintf.c     ****     uint8 cVal;
  19:iprintf.c     ****     uint32 *pArg;
  20:iprintf.c     ****     pArg =(uint32 *)&pszFmt;
  21:iprintf.c     **** 
  22:iprintf.c     ****     while(*pszFmt)
  75              		.loc 1 22 0
  76 0008 90E0     		b	.L5
  77              	.LVL4:
  78              	.L23:
  23:iprintf.c     ****     {
  24:iprintf.c     ****         if('%' != *pszFmt)
  79              		.loc 1 24 0
  80 000a 2528     		cmp	r0, #37
  81 000c 05D0     		beq	.L6
  82              	.LBB2:
  25:iprintf.c     ****         {
  26:iprintf.c     ****             iputc(*pszFmt);
  83              		.loc 1 26 0
  84 000e FFF7FEFF 		bl	iputc
  85              	.LVL5:
  27:iprintf.c     ****             pszFmt++;
  86              		.loc 1 27 0
  87 0012 109B     		ldr	r3, [sp, #64]
ARM GAS  C:\Users\USUARIO\AppData\Local\Temp\ccbY610b.s 			page 3


  88 0014 0133     		adds	r3, r3, #1
  89 0016 1093     		str	r3, [sp, #64]
  28:iprintf.c     ****             continue;
  90              		.loc 1 28 0
  91 0018 88E0     		b	.L5
  92              	.L6:
  93              	.LBE2:
  29:iprintf.c     ****         }
  30:iprintf.c     ****         pszFmt++;
  94              		.loc 1 30 0
  95 001a 5A1C     		adds	r2, r3, #1
  96 001c 1092     		str	r2, [sp, #64]
  31:iprintf.c     **** 
  32:iprintf.c     ****         if(*pszFmt == 's')
  97              		.loc 1 32 0
  98 001e 5B78     		ldrb	r3, [r3, #1]	@ zero_extendqisi2
  99 0020 732B     		cmp	r3, #115
 100 0022 0FD1     		bne	.L8
  33:iprintf.c     ****         {
  34:iprintf.c     ****             pszVal = (uint8*)pArg[index++];
 101              		.loc 1 34 0
 102 0024 651C     		adds	r5, r4, #1
 103              	.LVL6:
 104 0026 10AB     		add	r3, sp, #64
 105              	.LVL7:
 106 0028 53F82440 		ldr	r4, [r3, r4, lsl #2]
 107              	.LVL8:
  35:iprintf.c     ****             for(; *pszVal != '\0'; pszVal++)
 108              		.loc 1 35 0
 109 002c 02E0     		b	.L9
 110              	.LVL9:
 111              	.L10:
 112              	.LBB3:
  36:iprintf.c     ****                 iputc(*pszVal);
 113              		.loc 1 36 0 discriminator 2
 114 002e FFF7FEFF 		bl	iputc
 115              	.LVL10:
 116              	.LBE3:
  35:iprintf.c     ****             for(; *pszVal != '\0'; pszVal++)
 117              		.loc 1 35 0 discriminator 2
 118 0032 0134     		adds	r4, r4, #1
 119              	.LVL11:
 120              	.L9:
  35:iprintf.c     ****             for(; *pszVal != '\0'; pszVal++)
 121              		.loc 1 35 0 is_stmt 0 discriminator 1
 122 0034 2078     		ldrb	r0, [r4]	@ zero_extendqisi2
 123 0036 0028     		cmp	r0, #0
 124 0038 F9D1     		bne	.L10
  37:iprintf.c     ****             pszFmt++;
 125              		.loc 1 37 0 is_stmt 1
 126 003a 109B     		ldr	r3, [sp, #64]
 127 003c 0133     		adds	r3, r3, #1
 128 003e 1093     		str	r3, [sp, #64]
  34:iprintf.c     ****             for(; *pszVal != '\0'; pszVal++)
 129              		.loc 1 34 0
 130 0040 2C46     		mov	r4, r5
 131              	.LVL12:
ARM GAS  C:\Users\USUARIO\AppData\Local\Temp\ccbY610b.s 			page 4


  38:iprintf.c     ****             continue;
 132              		.loc 1 38 0
 133 0042 73E0     		b	.L5
 134              	.LVL13:
 135              	.L8:
  39:iprintf.c     ****         }
  40:iprintf.c     ****         if(*pszFmt == 'd')
 136              		.loc 1 40 0
 137 0044 642B     		cmp	r3, #100
 138 0046 2AD1     		bne	.L11
  41:iprintf.c     ****         {
  42:iprintf.c     ****             iVal = pArg[index++];
 139              		.loc 1 42 0
 140 0048 651C     		adds	r5, r4, #1
 141              	.LVL14:
 142 004a 10AB     		add	r3, sp, #64
 143              	.LVL15:
 144 004c 53F82410 		ldr	r1, [r3, r4, lsl #2]
 145              	.LVL16:
  43:iprintf.c     ****             i = 0;
 146              		.loc 1 43 0
 147 0050 0022     		movs	r2, #0
 148              	.LVL17:
 149              	.L12:
  44:iprintf.c     ****             do{
  45:iprintf.c     ****                 buffer[i++] = iVal % 10;
 150              		.loc 1 45 0 discriminator 1
 151 0052 541C     		adds	r4, r2, #1
 152              	.LVL18:
 153 0054 3A4B     		ldr	r3, .L26
 154 0056 A3FB0103 		umull	r0, r3, r3, r1
 155 005a DB08     		lsrs	r3, r3, #3
 156 005c 1846     		mov	r0, r3
 157 005e 03EB8303 		add	r3, r3, r3, lsl #2
 158 0062 5E00     		lsls	r6, r3, #1
 159 0064 8B1B     		subs	r3, r1, r6
 160 0066 0CA9     		add	r1, sp, #48
 161              	.LVL19:
 162 0068 01EB8202 		add	r2, r1, r2, lsl #2
 163 006c 42F8303C 		str	r3, [r2, #-48]
  46:iprintf.c     ****                 iVal /= 10;
 164              		.loc 1 46 0 discriminator 1
 165 0070 0146     		mov	r1, r0
 166              	.LVL20:
  45:iprintf.c     ****                 iVal /= 10;
 167              		.loc 1 45 0 discriminator 1
 168 0072 2246     		mov	r2, r4
  47:iprintf.c     ****             }while(iVal);
 169              		.loc 1 47 0 discriminator 1
 170 0074 0028     		cmp	r0, #0
 171 0076 ECD1     		bne	.L12
 172 0078 0AE0     		b	.L13
 173              	.LVL21:
 174              	.L14:
 175              	.LBB4:
  48:iprintf.c     ****             while(i > 0)
  49:iprintf.c     ****             {
ARM GAS  C:\Users\USUARIO\AppData\Local\Temp\ccbY610b.s 			page 5


  50:iprintf.c     ****                 i--;
 176              		.loc 1 50 0
 177 007a 013C     		subs	r4, r4, #1
 178              	.LVL22:
  51:iprintf.c     ****                 iputc(*change(buffer[i]));
 179              		.loc 1 51 0
 180 007c 0CAB     		add	r3, sp, #48
 181 007e 03EB8403 		add	r3, r3, r4, lsl #2
 182 0082 53F8300C 		ldr	r0, [r3, #-48]
 183 0086 FFF7FEFF 		bl	change
 184              	.LVL23:
 185 008a 0078     		ldrb	r0, [r0]	@ zero_extendqisi2
 186 008c FFF7FEFF 		bl	iputc
 187              	.LVL24:
 188              	.L13:
 189              	.LBE4:
  48:iprintf.c     ****             while(i > 0)
 190              		.loc 1 48 0
 191 0090 002C     		cmp	r4, #0
 192 0092 F2D1     		bne	.L14
  52:iprintf.c     ****             }
  53:iprintf.c     ****             pszFmt++;
 193              		.loc 1 53 0
 194 0094 109B     		ldr	r3, [sp, #64]
 195 0096 0133     		adds	r3, r3, #1
 196 0098 1093     		str	r3, [sp, #64]
  42:iprintf.c     ****             i = 0;
 197              		.loc 1 42 0
 198 009a 2C46     		mov	r4, r5
 199              	.LVL25:
  54:iprintf.c     ****             continue;
 200              		.loc 1 54 0
 201 009c 46E0     		b	.L5
 202              	.LVL26:
 203              	.L11:
  55:iprintf.c     ****         }
  56:iprintf.c     ****         if(*pszFmt == 'c')
 204              		.loc 1 56 0
 205 009e 632B     		cmp	r3, #99
 206 00a0 0AD1     		bne	.L15
 207              	.LBB5:
  57:iprintf.c     ****         {
  58:iprintf.c     ****             cVal = (uint8)pArg[index++];
 208              		.loc 1 58 0
 209 00a2 651C     		adds	r5, r4, #1
 210              	.LVL27:
  59:iprintf.c     ****             iputc(cVal);
 211              		.loc 1 59 0
 212 00a4 10AB     		add	r3, sp, #64
 213              	.LVL28:
 214 00a6 13F82400 		ldrb	r0, [r3, r4, lsl #2]	@ zero_extendqisi2
 215 00aa FFF7FEFF 		bl	iputc
 216              	.LVL29:
  60:iprintf.c     ****             pszFmt++;
 217              		.loc 1 60 0
 218 00ae 109B     		ldr	r3, [sp, #64]
 219 00b0 0133     		adds	r3, r3, #1
ARM GAS  C:\Users\USUARIO\AppData\Local\Temp\ccbY610b.s 			page 6


 220 00b2 1093     		str	r3, [sp, #64]
  58:iprintf.c     ****             iputc(cVal);
 221              		.loc 1 58 0
 222 00b4 2C46     		mov	r4, r5
  61:iprintf.c     ****             continue;
 223              		.loc 1 61 0
 224 00b6 39E0     		b	.L5
 225              	.LVL30:
 226              	.L15:
 227              	.LBE5:
  62:iprintf.c     ****         }
  63:iprintf.c     ****         if(*pszFmt == 'x')
 228              		.loc 1 63 0
 229 00b8 782B     		cmp	r3, #120
 230 00ba 36D1     		bne	.L16
  64:iprintf.c     ****         {
  65:iprintf.c     ****             xVal = pArg[index++];
 231              		.loc 1 65 0
 232 00bc 651C     		adds	r5, r4, #1
 233              	.LVL31:
 234 00be 10AB     		add	r3, sp, #64
 235              	.LVL32:
 236 00c0 53F82430 		ldr	r3, [r3, r4, lsl #2]
 237              	.LVL33:
  66:iprintf.c     ****             i = 0;
 238              		.loc 1 66 0
 239 00c4 0022     		movs	r2, #0
 240 00c6 00E0     		b	.L17
 241              	.LVL34:
 242              	.L24:
  67:iprintf.c     ****             do{
  68:iprintf.c     ****                 buffer[i++] = xVal % 16;
 243              		.loc 1 68 0
 244 00c8 2246     		mov	r2, r4
 245              	.LVL35:
 246              	.L17:
 247              		.loc 1 68 0 is_stmt 0 discriminator 1
 248 00ca 541C     		adds	r4, r2, #1
 249              	.LVL36:
 250 00cc 03F00F00 		and	r0, r3, #15
 251 00d0 0CA9     		add	r1, sp, #48
 252 00d2 01EB8201 		add	r1, r1, r2, lsl #2
 253 00d6 41F8300C 		str	r0, [r1, #-48]
 254              	.LVL37:
  69:iprintf.c     ****                 xVal /= 16;
  70:iprintf.c     ****             }while(xVal);
 255              		.loc 1 70 0 is_stmt 1 discriminator 1
 256 00da 1B09     		lsrs	r3, r3, #4
 257              	.LVL38:
 258 00dc F4D1     		bne	.L24
  71:iprintf.c     ****             if(i%2!=0)
 259              		.loc 1 71 0
 260 00de 14F0010F 		tst	r4, #1
 261 00e2 06D0     		beq	.L18
 262              	.LVL39:
  72:iprintf.c     ****                 buffer[i++]=0;
 263              		.loc 1 72 0
ARM GAS  C:\Users\USUARIO\AppData\Local\Temp\ccbY610b.s 			page 7


 264 00e4 0CAB     		add	r3, sp, #48
 265              	.LVL40:
 266 00e6 03EB8404 		add	r4, r3, r4, lsl #2
 267 00ea 0023     		movs	r3, #0
 268 00ec 44F8303C 		str	r3, [r4, #-48]
 269 00f0 941C     		adds	r4, r2, #2
 270              	.LVL41:
 271              	.L18:
  73:iprintf.c     ****             if(i<2)
 272              		.loc 1 73 0
 273 00f2 012C     		cmp	r4, #1
 274 00f4 12D8     		bhi	.L20
 275              	.LVL42:
  74:iprintf.c     ****                 buffer[i++]=0;
 276              		.loc 1 74 0
 277 00f6 0CAB     		add	r3, sp, #48
 278 00f8 03EB8403 		add	r3, r3, r4, lsl #2
 279 00fc 0022     		movs	r2, #0
 280 00fe 43F8302C 		str	r2, [r3, #-48]
 281 0102 0134     		adds	r4, r4, #1
 282              	.LVL43:
 283 0104 0AE0     		b	.L20
 284              	.L21:
 285              	.LBB6:
  75:iprintf.c     **** 
  76:iprintf.c     ****             while(i > 0)
  77:iprintf.c     ****             {
  78:iprintf.c     ****                 i--;
 286              		.loc 1 78 0
 287 0106 013C     		subs	r4, r4, #1
 288              	.LVL44:
  79:iprintf.c     ****                 iputc(*change(buffer[i]));
 289              		.loc 1 79 0
 290 0108 0CAB     		add	r3, sp, #48
 291 010a 03EB8403 		add	r3, r3, r4, lsl #2
 292 010e 53F8300C 		ldr	r0, [r3, #-48]
 293 0112 FFF7FEFF 		bl	change
 294              	.LVL45:
 295 0116 0078     		ldrb	r0, [r0]	@ zero_extendqisi2
 296 0118 FFF7FEFF 		bl	iputc
 297              	.LVL46:
 298              	.L20:
 299              	.LBE6:
  76:iprintf.c     ****             {
 300              		.loc 1 76 0
 301 011c 002C     		cmp	r4, #0
 302 011e F2D1     		bne	.L21
  80:iprintf.c     ****             }
  81:iprintf.c     ****             pszFmt++;
 303              		.loc 1 81 0
 304 0120 109B     		ldr	r3, [sp, #64]
 305 0122 0133     		adds	r3, r3, #1
 306 0124 1093     		str	r3, [sp, #64]
  65:iprintf.c     ****             i = 0;
 307              		.loc 1 65 0
 308 0126 2C46     		mov	r4, r5
 309              	.LVL47:
ARM GAS  C:\Users\USUARIO\AppData\Local\Temp\ccbY610b.s 			page 8


  82:iprintf.c     ****             continue;
 310              		.loc 1 82 0
 311 0128 00E0     		b	.L5
 312              	.LVL48:
 313              	.L16:
  83:iprintf.c     ****         }
  84:iprintf.c     ****         if(pszFmt == '\0')
 314              		.loc 1 84 0
 315 012a 22B1     		cbz	r2, .L22
 316              	.LVL49:
 317              	.L5:
  22:iprintf.c     ****     {
 318              		.loc 1 22 0
 319 012c 109B     		ldr	r3, [sp, #64]
 320 012e 1878     		ldrb	r0, [r3]	@ zero_extendqisi2
 321 0130 0028     		cmp	r0, #0
 322 0132 7FF46AAF 		bne	.L23
 323              	.L22:
  85:iprintf.c     ****         {
  86:iprintf.c     ****             break;
  87:iprintf.c     ****         }
  88:iprintf.c     **** 
  89:iprintf.c     ****     }
  90:iprintf.c     **** }...
 324              		.loc 1 90 0
 325 0136 0CB0     		add	sp, sp, #48
 326              		.cfi_def_cfa_offset 32
 327              		@ sp needed
 328 0138 BDE87040 		pop	{r4, r5, r6, lr}
 329              		.cfi_restore 14
 330              		.cfi_restore 6
 331              		.cfi_restore 5
 332              		.cfi_restore 4
 333              		.cfi_def_cfa_offset 16
 334              	.LVL50:
 335 013c 04B0     		add	sp, sp, #16
 336              		.cfi_restore 3
 337              		.cfi_restore 2
 338              		.cfi_restore 1
 339              		.cfi_restore 0
 340              		.cfi_def_cfa_offset 0
 341              	.LVL51:
 342 013e 7047     		bx	lr
 343              	.L27:
 344              		.align	2
 345              	.L26:
 346 0140 CDCCCCCC 		.word	-858993459
 347              		.cfi_endproc
 348              	.LFE64:
 349              		.size	iprintf, .-iprintf
 350              		.section	.rodata.str1.4,"aMS",%progbits,1
 351              		.align	2
 352              	.LC0:
 353 0000 30313233 		.ascii	"0123456789abcdef\000"
 353      34353637 
 353      38396162 
 353      63646566 
ARM GAS  C:\Users\USUARIO\AppData\Local\Temp\ccbY610b.s 			page 9


 353      00
 354              		.text
 355              	.Letext0:
 356              		.file 2 "c:\\program files (x86)\\cypress\\psoc creator\\4.4\\psoc creator\\import\\gnu\\arm\\5.4.
 357              		.file 3 "c:\\program files (x86)\\cypress\\psoc creator\\4.4\\psoc creator\\import\\gnu\\arm\\5.4.
 358              		.file 4 "Generated_Source\\PSoC5/cytypes.h"
 359              		.file 5 "Generated_Source\\PSoC5/core_cm3.h"
 360              		.section	.debug_info,"",%progbits
 361              	.Ldebug_info0:
 362 0000 C2020000 		.4byte	0x2c2
 363 0004 0400     		.2byte	0x4
 364 0006 00000000 		.4byte	.Ldebug_abbrev0
 365 000a 04       		.byte	0x4
 366 000b 01       		.uleb128 0x1
 367 000c BE000000 		.4byte	.LASF28
 368 0010 0C       		.byte	0xc
 369 0011 4B000000 		.4byte	.LASF29
 370 0015 6B010000 		.4byte	.LASF30
 371 0019 00000000 		.4byte	.Ldebug_ranges0+0
 372 001d 00000000 		.4byte	0
 373 0021 00000000 		.4byte	.Ldebug_line0
 374 0025 02       		.uleb128 0x2
 375 0026 01       		.byte	0x1
 376 0027 06       		.byte	0x6
 377 0028 3E020000 		.4byte	.LASF0
 378 002c 02       		.uleb128 0x2
 379 002d 01       		.byte	0x1
 380 002e 08       		.byte	0x8
 381 002f 1F000000 		.4byte	.LASF1
 382 0033 02       		.uleb128 0x2
 383 0034 02       		.byte	0x2
 384 0035 05       		.byte	0x5
 385 0036 12020000 		.4byte	.LASF2
 386 003a 02       		.uleb128 0x2
 387 003b 02       		.byte	0x2
 388 003c 07       		.byte	0x7
 389 003d 55000000 		.4byte	.LASF3
 390 0041 03       		.uleb128 0x3
 391 0042 08000000 		.4byte	.LASF9
 392 0046 02       		.byte	0x2
 393 0047 3F       		.byte	0x3f
 394 0048 4C000000 		.4byte	0x4c
 395 004c 02       		.uleb128 0x2
 396 004d 04       		.byte	0x4
 397 004e 05       		.byte	0x5
 398 004f 29020000 		.4byte	.LASF4
 399 0053 02       		.uleb128 0x2
 400 0054 04       		.byte	0x4
 401 0055 07       		.byte	0x7
 402 0056 39000000 		.4byte	.LASF5
 403 005a 02       		.uleb128 0x2
 404 005b 08       		.byte	0x8
 405 005c 05       		.byte	0x5
 406 005d 5D010000 		.4byte	.LASF6
 407 0061 02       		.uleb128 0x2
 408 0062 08       		.byte	0x8
 409 0063 07       		.byte	0x7
ARM GAS  C:\Users\USUARIO\AppData\Local\Temp\ccbY610b.s 			page 10


 410 0064 9B000000 		.4byte	.LASF7
 411 0068 04       		.uleb128 0x4
 412 0069 04       		.byte	0x4
 413 006a 05       		.byte	0x5
 414 006b 696E7400 		.ascii	"int\000"
 415 006f 02       		.uleb128 0x2
 416 0070 04       		.byte	0x4
 417 0071 07       		.byte	0x7
 418 0072 89000000 		.4byte	.LASF8
 419 0076 03       		.uleb128 0x3
 420 0077 4C010000 		.4byte	.LASF10
 421 007b 03       		.byte	0x3
 422 007c 2C       		.byte	0x2c
 423 007d 41000000 		.4byte	0x41
 424 0081 05       		.uleb128 0x5
 425 0082 23020000 		.4byte	.LASF11
 426 0086 04       		.byte	0x4
 427 0087 9201     		.2byte	0x192
 428 0089 2C000000 		.4byte	0x2c
 429 008d 05       		.uleb128 0x5
 430 008e 82000000 		.4byte	.LASF12
 431 0092 04       		.byte	0x4
 432 0093 9401     		.2byte	0x194
 433 0095 53000000 		.4byte	0x53
 434 0099 02       		.uleb128 0x2
 435 009a 04       		.byte	0x4
 436 009b 04       		.byte	0x4
 437 009c 19000000 		.4byte	.LASF13
 438 00a0 02       		.uleb128 0x2
 439 00a1 08       		.byte	0x8
 440 00a2 04       		.byte	0x4
 441 00a3 75000000 		.4byte	.LASF14
 442 00a7 02       		.uleb128 0x2
 443 00a8 01       		.byte	0x1
 444 00a9 08       		.byte	0x8
 445 00aa 07020000 		.4byte	.LASF15
 446 00ae 02       		.uleb128 0x2
 447 00af 08       		.byte	0x8
 448 00b0 04       		.byte	0x4
 449 00b1 32020000 		.4byte	.LASF16
 450 00b5 02       		.uleb128 0x2
 451 00b6 04       		.byte	0x4
 452 00b7 07       		.byte	0x7
 453 00b8 54010000 		.4byte	.LASF17
 454 00bc 06       		.uleb128 0x6
 455 00bd 04       		.byte	0x4
 456 00be C2000000 		.4byte	0xc2
 457 00c2 07       		.uleb128 0x7
 458 00c3 A7000000 		.4byte	0xa7
 459 00c7 08       		.uleb128 0x8
 460 00c8 B7000000 		.4byte	.LASF31
 461 00cc 01       		.byte	0x1
 462 00cd 08       		.byte	0x8
 463 00ce F0000000 		.4byte	0xf0
 464 00d2 00000000 		.4byte	.LFB63
 465 00d6 0C000000 		.4byte	.LFE63-.LFB63
 466 00da 01       		.uleb128 0x1
ARM GAS  C:\Users\USUARIO\AppData\Local\Temp\ccbY610b.s 			page 11


 467 00db 9C       		.byte	0x9c
 468 00dc F0000000 		.4byte	0xf0
 469 00e0 09       		.uleb128 0x9
 470 00e1 4A020000 		.4byte	.LASF18
 471 00e5 01       		.byte	0x1
 472 00e6 08       		.byte	0x8
 473 00e7 8D000000 		.4byte	0x8d
 474 00eb 00000000 		.4byte	.LLST0
 475 00ef 00       		.byte	0
 476 00f0 06       		.uleb128 0x6
 477 00f1 04       		.byte	0x4
 478 00f2 81000000 		.4byte	0x81
 479 00f6 0A       		.uleb128 0xa
 480 00f7 00000000 		.4byte	.LASF32
 481 00fb 01       		.byte	0x1
 482 00fc 0E       		.byte	0xe
 483 00fd 68000000 		.4byte	0x68
 484 0101 00000000 		.4byte	.LFB64
 485 0105 44010000 		.4byte	.LFE64-.LFB64
 486 0109 01       		.uleb128 0x1
 487 010a 9C       		.byte	0x9c
 488 010b 93020000 		.4byte	0x293
 489 010f 0B       		.uleb128 0xb
 490 0110 12000000 		.4byte	.LASF19
 491 0114 01       		.byte	0x1
 492 0115 0E       		.byte	0xe
 493 0116 BC000000 		.4byte	0xbc
 494 011a 02       		.uleb128 0x2
 495 011b 91       		.byte	0x91
 496 011c 70       		.sleb128 -16
 497 011d 0C       		.uleb128 0xc
 498 011e 0D       		.uleb128 0xd
 499 011f 32000000 		.4byte	.LASF20
 500 0123 01       		.byte	0x1
 501 0124 10       		.byte	0x10
 502 0125 F0000000 		.4byte	0xf0
 503 0129 26000000 		.4byte	.LLST1
 504 012d 0D       		.uleb128 0xd
 505 012e 96000000 		.4byte	.LASF21
 506 0132 01       		.byte	0x1
 507 0133 11       		.byte	0x11
 508 0134 8D000000 		.4byte	0x8d
 509 0138 39000000 		.4byte	.LLST2
 510 013c 0D       		.uleb128 0xd
 511 013d B2000000 		.4byte	.LASF22
 512 0141 01       		.byte	0x1
 513 0142 11       		.byte	0x11
 514 0143 8D000000 		.4byte	0x8d
 515 0147 57000000 		.4byte	.LLST3
 516 014b 0E       		.uleb128 0xe
 517 014c 6900     		.ascii	"i\000"
 518 014e 01       		.byte	0x1
 519 014f 11       		.byte	0x11
 520 0150 8D000000 		.4byte	0x8d
 521 0154 84000000 		.4byte	.LLST4
 522 0158 0F       		.uleb128 0xf
 523 0159 1C020000 		.4byte	.LASF23
ARM GAS  C:\Users\USUARIO\AppData\Local\Temp\ccbY610b.s 			page 12


 524 015d 01       		.byte	0x1
 525 015e 11       		.byte	0x11
 526 015f 93020000 		.4byte	0x293
 527 0163 03       		.uleb128 0x3
 528 0164 91       		.byte	0x91
 529 0165 B07F     		.sleb128 -80
 530 0167 0D       		.uleb128 0xd
 531 0168 0C020000 		.4byte	.LASF24
 532 016c 01       		.byte	0x1
 533 016d 11       		.byte	0x11
 534 016e 8D000000 		.4byte	0x8d
 535 0172 17010000 		.4byte	.LLST5
 536 0176 0D       		.uleb128 0xd
 537 0177 2D000000 		.4byte	.LASF25
 538 017b 01       		.byte	0x1
 539 017c 12       		.byte	0x12
 540 017d 81000000 		.4byte	0x81
 541 0181 8E010000 		.4byte	.LLST6
 542 0185 0D       		.uleb128 0xd
 543 0186 02020000 		.4byte	.LASF26
 544 018a 01       		.byte	0x1
 545 018b 13       		.byte	0x13
 546 018c A3020000 		.4byte	0x2a3
 547 0190 AA010000 		.4byte	.LLST7
 548 0194 10       		.uleb128 0x10
 549 0195 0E000000 		.4byte	.LBB2
 550 0199 0C000000 		.4byte	.LBE2-.LBB2
 551 019d BC010000 		.4byte	0x1bc
 552 01a1 11       		.uleb128 0x11
 553 01a2 7C000000 		.4byte	.LASF27
 554 01a6 01       		.byte	0x1
 555 01a7 1A       		.byte	0x1a
 556 01a8 68000000 		.4byte	0x68
 557 01ac B2010000 		.4byte	0x1b2
 558 01b0 0C       		.uleb128 0xc
 559 01b1 00       		.byte	0
 560 01b2 12       		.uleb128 0x12
 561 01b3 12000000 		.4byte	.LVL5
 562 01b7 BA020000 		.4byte	0x2ba
 563 01bb 00       		.byte	0
 564 01bc 10       		.uleb128 0x10
 565 01bd 2E000000 		.4byte	.LBB3
 566 01c1 04000000 		.4byte	.LBE3-.LBB3
 567 01c5 E4010000 		.4byte	0x1e4
 568 01c9 11       		.uleb128 0x11
 569 01ca 7C000000 		.4byte	.LASF27
 570 01ce 01       		.byte	0x1
 571 01cf 1A       		.byte	0x1a
 572 01d0 68000000 		.4byte	0x68
 573 01d4 DA010000 		.4byte	0x1da
 574 01d8 0C       		.uleb128 0xc
 575 01d9 00       		.byte	0
 576 01da 12       		.uleb128 0x12
 577 01db 32000000 		.4byte	.LVL10
 578 01df BA020000 		.4byte	0x2ba
 579 01e3 00       		.byte	0
 580 01e4 10       		.uleb128 0x10
ARM GAS  C:\Users\USUARIO\AppData\Local\Temp\ccbY610b.s 			page 13


 581 01e5 7A000000 		.4byte	.LBB4
 582 01e9 16000000 		.4byte	.LBE4-.LBB4
 583 01ed 29020000 		.4byte	0x229
 584 01f1 11       		.uleb128 0x11
 585 01f2 7C000000 		.4byte	.LASF27
 586 01f6 01       		.byte	0x1
 587 01f7 1A       		.byte	0x1a
 588 01f8 68000000 		.4byte	0x68
 589 01fc 02020000 		.4byte	0x202
 590 0200 0C       		.uleb128 0xc
 591 0201 00       		.byte	0
 592 0202 13       		.uleb128 0x13
 593 0203 8A000000 		.4byte	.LVL23
 594 0207 C7000000 		.4byte	0xc7
 595 020b 1F020000 		.4byte	0x21f
 596 020f 14       		.uleb128 0x14
 597 0210 01       		.uleb128 0x1
 598 0211 50       		.byte	0x50
 599 0212 0B       		.uleb128 0xb
 600 0213 74       		.byte	0x74
 601 0214 00       		.sleb128 0
 602 0215 32       		.byte	0x32
 603 0216 24       		.byte	0x24
 604 0217 91       		.byte	0x91
 605 0218 70       		.sleb128 -16
 606 0219 22       		.byte	0x22
 607 021a 08       		.byte	0x8
 608 021b 60       		.byte	0x60
 609 021c 1C       		.byte	0x1c
 610 021d 06       		.byte	0x6
 611 021e 00       		.byte	0
 612 021f 12       		.uleb128 0x12
 613 0220 90000000 		.4byte	.LVL24
 614 0224 BA020000 		.4byte	0x2ba
 615 0228 00       		.byte	0
 616 0229 10       		.uleb128 0x10
 617 022a A2000000 		.4byte	.LBB5
 618 022e 16000000 		.4byte	.LBE5-.LBB5
 619 0232 51020000 		.4byte	0x251
 620 0236 11       		.uleb128 0x11
 621 0237 7C000000 		.4byte	.LASF27
 622 023b 01       		.byte	0x1
 623 023c 1A       		.byte	0x1a
 624 023d 68000000 		.4byte	0x68
 625 0241 47020000 		.4byte	0x247
 626 0245 0C       		.uleb128 0xc
 627 0246 00       		.byte	0
 628 0247 12       		.uleb128 0x12
 629 0248 AE000000 		.4byte	.LVL29
 630 024c BA020000 		.4byte	0x2ba
 631 0250 00       		.byte	0
 632 0251 15       		.uleb128 0x15
 633 0252 06010000 		.4byte	.LBB6
 634 0256 16000000 		.4byte	.LBE6-.LBB6
 635 025a 11       		.uleb128 0x11
 636 025b 7C000000 		.4byte	.LASF27
 637 025f 01       		.byte	0x1
ARM GAS  C:\Users\USUARIO\AppData\Local\Temp\ccbY610b.s 			page 14


 638 0260 1A       		.byte	0x1a
 639 0261 68000000 		.4byte	0x68
 640 0265 6B020000 		.4byte	0x26b
 641 0269 0C       		.uleb128 0xc
 642 026a 00       		.byte	0
 643 026b 13       		.uleb128 0x13
 644 026c 16010000 		.4byte	.LVL45
 645 0270 C7000000 		.4byte	0xc7
 646 0274 88020000 		.4byte	0x288
 647 0278 14       		.uleb128 0x14
 648 0279 01       		.uleb128 0x1
 649 027a 50       		.byte	0x50
 650 027b 0B       		.uleb128 0xb
 651 027c 74       		.byte	0x74
 652 027d 00       		.sleb128 0
 653 027e 32       		.byte	0x32
 654 027f 24       		.byte	0x24
 655 0280 91       		.byte	0x91
 656 0281 70       		.sleb128 -16
 657 0282 22       		.byte	0x22
 658 0283 08       		.byte	0x8
 659 0284 60       		.byte	0x60
 660 0285 1C       		.byte	0x1c
 661 0286 06       		.byte	0x6
 662 0287 00       		.byte	0
 663 0288 12       		.uleb128 0x12
 664 0289 1C010000 		.4byte	.LVL46
 665 028d BA020000 		.4byte	0x2ba
 666 0291 00       		.byte	0
 667 0292 00       		.byte	0
 668 0293 16       		.uleb128 0x16
 669 0294 8D000000 		.4byte	0x8d
 670 0298 A3020000 		.4byte	0x2a3
 671 029c 17       		.uleb128 0x17
 672 029d B5000000 		.4byte	0xb5
 673 02a1 0B       		.byte	0xb
 674 02a2 00       		.byte	0
 675 02a3 06       		.uleb128 0x6
 676 02a4 04       		.byte	0x4
 677 02a5 8D000000 		.4byte	0x8d
 678 02a9 18       		.uleb128 0x18
 679 02aa 68000000 		.4byte	.LASF33
 680 02ae 05       		.byte	0x5
 681 02af 1207     		.2byte	0x712
 682 02b1 B5020000 		.4byte	0x2b5
 683 02b5 19       		.uleb128 0x19
 684 02b6 76000000 		.4byte	0x76
 685 02ba 1A       		.uleb128 0x1a
 686 02bb 7C000000 		.4byte	.LASF27
 687 02bf 7C000000 		.4byte	.LASF27
 688 02c3 01       		.byte	0x1
 689 02c4 1A       		.byte	0x1a
 690 02c5 00       		.byte	0
 691              		.section	.debug_abbrev,"",%progbits
 692              	.Ldebug_abbrev0:
 693 0000 01       		.uleb128 0x1
 694 0001 11       		.uleb128 0x11
ARM GAS  C:\Users\USUARIO\AppData\Local\Temp\ccbY610b.s 			page 15


 695 0002 01       		.byte	0x1
 696 0003 25       		.uleb128 0x25
 697 0004 0E       		.uleb128 0xe
 698 0005 13       		.uleb128 0x13
 699 0006 0B       		.uleb128 0xb
 700 0007 03       		.uleb128 0x3
 701 0008 0E       		.uleb128 0xe
 702 0009 1B       		.uleb128 0x1b
 703 000a 0E       		.uleb128 0xe
 704 000b 55       		.uleb128 0x55
 705 000c 17       		.uleb128 0x17
 706 000d 11       		.uleb128 0x11
 707 000e 01       		.uleb128 0x1
 708 000f 10       		.uleb128 0x10
 709 0010 17       		.uleb128 0x17
 710 0011 00       		.byte	0
 711 0012 00       		.byte	0
 712 0013 02       		.uleb128 0x2
 713 0014 24       		.uleb128 0x24
 714 0015 00       		.byte	0
 715 0016 0B       		.uleb128 0xb
 716 0017 0B       		.uleb128 0xb
 717 0018 3E       		.uleb128 0x3e
 718 0019 0B       		.uleb128 0xb
 719 001a 03       		.uleb128 0x3
 720 001b 0E       		.uleb128 0xe
 721 001c 00       		.byte	0
 722 001d 00       		.byte	0
 723 001e 03       		.uleb128 0x3
 724 001f 16       		.uleb128 0x16
 725 0020 00       		.byte	0
 726 0021 03       		.uleb128 0x3
 727 0022 0E       		.uleb128 0xe
 728 0023 3A       		.uleb128 0x3a
 729 0024 0B       		.uleb128 0xb
 730 0025 3B       		.uleb128 0x3b
 731 0026 0B       		.uleb128 0xb
 732 0027 49       		.uleb128 0x49
 733 0028 13       		.uleb128 0x13
 734 0029 00       		.byte	0
 735 002a 00       		.byte	0
 736 002b 04       		.uleb128 0x4
 737 002c 24       		.uleb128 0x24
 738 002d 00       		.byte	0
 739 002e 0B       		.uleb128 0xb
 740 002f 0B       		.uleb128 0xb
 741 0030 3E       		.uleb128 0x3e
 742 0031 0B       		.uleb128 0xb
 743 0032 03       		.uleb128 0x3
 744 0033 08       		.uleb128 0x8
 745 0034 00       		.byte	0
 746 0035 00       		.byte	0
 747 0036 05       		.uleb128 0x5
 748 0037 16       		.uleb128 0x16
 749 0038 00       		.byte	0
 750 0039 03       		.uleb128 0x3
 751 003a 0E       		.uleb128 0xe
ARM GAS  C:\Users\USUARIO\AppData\Local\Temp\ccbY610b.s 			page 16


 752 003b 3A       		.uleb128 0x3a
 753 003c 0B       		.uleb128 0xb
 754 003d 3B       		.uleb128 0x3b
 755 003e 05       		.uleb128 0x5
 756 003f 49       		.uleb128 0x49
 757 0040 13       		.uleb128 0x13
 758 0041 00       		.byte	0
 759 0042 00       		.byte	0
 760 0043 06       		.uleb128 0x6
 761 0044 0F       		.uleb128 0xf
 762 0045 00       		.byte	0
 763 0046 0B       		.uleb128 0xb
 764 0047 0B       		.uleb128 0xb
 765 0048 49       		.uleb128 0x49
 766 0049 13       		.uleb128 0x13
 767 004a 00       		.byte	0
 768 004b 00       		.byte	0
 769 004c 07       		.uleb128 0x7
 770 004d 26       		.uleb128 0x26
 771 004e 00       		.byte	0
 772 004f 49       		.uleb128 0x49
 773 0050 13       		.uleb128 0x13
 774 0051 00       		.byte	0
 775 0052 00       		.byte	0
 776 0053 08       		.uleb128 0x8
 777 0054 2E       		.uleb128 0x2e
 778 0055 01       		.byte	0x1
 779 0056 03       		.uleb128 0x3
 780 0057 0E       		.uleb128 0xe
 781 0058 3A       		.uleb128 0x3a
 782 0059 0B       		.uleb128 0xb
 783 005a 3B       		.uleb128 0x3b
 784 005b 0B       		.uleb128 0xb
 785 005c 27       		.uleb128 0x27
 786 005d 19       		.uleb128 0x19
 787 005e 49       		.uleb128 0x49
 788 005f 13       		.uleb128 0x13
 789 0060 11       		.uleb128 0x11
 790 0061 01       		.uleb128 0x1
 791 0062 12       		.uleb128 0x12
 792 0063 06       		.uleb128 0x6
 793 0064 40       		.uleb128 0x40
 794 0065 18       		.uleb128 0x18
 795 0066 9742     		.uleb128 0x2117
 796 0068 19       		.uleb128 0x19
 797 0069 01       		.uleb128 0x1
 798 006a 13       		.uleb128 0x13
 799 006b 00       		.byte	0
 800 006c 00       		.byte	0
 801 006d 09       		.uleb128 0x9
 802 006e 05       		.uleb128 0x5
 803 006f 00       		.byte	0
 804 0070 03       		.uleb128 0x3
 805 0071 0E       		.uleb128 0xe
 806 0072 3A       		.uleb128 0x3a
 807 0073 0B       		.uleb128 0xb
 808 0074 3B       		.uleb128 0x3b
ARM GAS  C:\Users\USUARIO\AppData\Local\Temp\ccbY610b.s 			page 17


 809 0075 0B       		.uleb128 0xb
 810 0076 49       		.uleb128 0x49
 811 0077 13       		.uleb128 0x13
 812 0078 02       		.uleb128 0x2
 813 0079 17       		.uleb128 0x17
 814 007a 00       		.byte	0
 815 007b 00       		.byte	0
 816 007c 0A       		.uleb128 0xa
 817 007d 2E       		.uleb128 0x2e
 818 007e 01       		.byte	0x1
 819 007f 3F       		.uleb128 0x3f
 820 0080 19       		.uleb128 0x19
 821 0081 03       		.uleb128 0x3
 822 0082 0E       		.uleb128 0xe
 823 0083 3A       		.uleb128 0x3a
 824 0084 0B       		.uleb128 0xb
 825 0085 3B       		.uleb128 0x3b
 826 0086 0B       		.uleb128 0xb
 827 0087 27       		.uleb128 0x27
 828 0088 19       		.uleb128 0x19
 829 0089 49       		.uleb128 0x49
 830 008a 13       		.uleb128 0x13
 831 008b 11       		.uleb128 0x11
 832 008c 01       		.uleb128 0x1
 833 008d 12       		.uleb128 0x12
 834 008e 06       		.uleb128 0x6
 835 008f 40       		.uleb128 0x40
 836 0090 18       		.uleb128 0x18
 837 0091 9742     		.uleb128 0x2117
 838 0093 19       		.uleb128 0x19
 839 0094 01       		.uleb128 0x1
 840 0095 13       		.uleb128 0x13
 841 0096 00       		.byte	0
 842 0097 00       		.byte	0
 843 0098 0B       		.uleb128 0xb
 844 0099 05       		.uleb128 0x5
 845 009a 00       		.byte	0
 846 009b 03       		.uleb128 0x3
 847 009c 0E       		.uleb128 0xe
 848 009d 3A       		.uleb128 0x3a
 849 009e 0B       		.uleb128 0xb
 850 009f 3B       		.uleb128 0x3b
 851 00a0 0B       		.uleb128 0xb
 852 00a1 49       		.uleb128 0x49
 853 00a2 13       		.uleb128 0x13
 854 00a3 02       		.uleb128 0x2
 855 00a4 18       		.uleb128 0x18
 856 00a5 00       		.byte	0
 857 00a6 00       		.byte	0
 858 00a7 0C       		.uleb128 0xc
 859 00a8 18       		.uleb128 0x18
 860 00a9 00       		.byte	0
 861 00aa 00       		.byte	0
 862 00ab 00       		.byte	0
 863 00ac 0D       		.uleb128 0xd
 864 00ad 34       		.uleb128 0x34
 865 00ae 00       		.byte	0
ARM GAS  C:\Users\USUARIO\AppData\Local\Temp\ccbY610b.s 			page 18


 866 00af 03       		.uleb128 0x3
 867 00b0 0E       		.uleb128 0xe
 868 00b1 3A       		.uleb128 0x3a
 869 00b2 0B       		.uleb128 0xb
 870 00b3 3B       		.uleb128 0x3b
 871 00b4 0B       		.uleb128 0xb
 872 00b5 49       		.uleb128 0x49
 873 00b6 13       		.uleb128 0x13
 874 00b7 02       		.uleb128 0x2
 875 00b8 17       		.uleb128 0x17
 876 00b9 00       		.byte	0
 877 00ba 00       		.byte	0
 878 00bb 0E       		.uleb128 0xe
 879 00bc 34       		.uleb128 0x34
 880 00bd 00       		.byte	0
 881 00be 03       		.uleb128 0x3
 882 00bf 08       		.uleb128 0x8
 883 00c0 3A       		.uleb128 0x3a
 884 00c1 0B       		.uleb128 0xb
 885 00c2 3B       		.uleb128 0x3b
 886 00c3 0B       		.uleb128 0xb
 887 00c4 49       		.uleb128 0x49
 888 00c5 13       		.uleb128 0x13
 889 00c6 02       		.uleb128 0x2
 890 00c7 17       		.uleb128 0x17
 891 00c8 00       		.byte	0
 892 00c9 00       		.byte	0
 893 00ca 0F       		.uleb128 0xf
 894 00cb 34       		.uleb128 0x34
 895 00cc 00       		.byte	0
 896 00cd 03       		.uleb128 0x3
 897 00ce 0E       		.uleb128 0xe
 898 00cf 3A       		.uleb128 0x3a
 899 00d0 0B       		.uleb128 0xb
 900 00d1 3B       		.uleb128 0x3b
 901 00d2 0B       		.uleb128 0xb
 902 00d3 49       		.uleb128 0x49
 903 00d4 13       		.uleb128 0x13
 904 00d5 02       		.uleb128 0x2
 905 00d6 18       		.uleb128 0x18
 906 00d7 00       		.byte	0
 907 00d8 00       		.byte	0
 908 00d9 10       		.uleb128 0x10
 909 00da 0B       		.uleb128 0xb
 910 00db 01       		.byte	0x1
 911 00dc 11       		.uleb128 0x11
 912 00dd 01       		.uleb128 0x1
 913 00de 12       		.uleb128 0x12
 914 00df 06       		.uleb128 0x6
 915 00e0 01       		.uleb128 0x1
 916 00e1 13       		.uleb128 0x13
 917 00e2 00       		.byte	0
 918 00e3 00       		.byte	0
 919 00e4 11       		.uleb128 0x11
 920 00e5 2E       		.uleb128 0x2e
 921 00e6 01       		.byte	0x1
 922 00e7 3F       		.uleb128 0x3f
ARM GAS  C:\Users\USUARIO\AppData\Local\Temp\ccbY610b.s 			page 19


 923 00e8 19       		.uleb128 0x19
 924 00e9 03       		.uleb128 0x3
 925 00ea 0E       		.uleb128 0xe
 926 00eb 3A       		.uleb128 0x3a
 927 00ec 0B       		.uleb128 0xb
 928 00ed 3B       		.uleb128 0x3b
 929 00ee 0B       		.uleb128 0xb
 930 00ef 49       		.uleb128 0x49
 931 00f0 13       		.uleb128 0x13
 932 00f1 3C       		.uleb128 0x3c
 933 00f2 19       		.uleb128 0x19
 934 00f3 01       		.uleb128 0x1
 935 00f4 13       		.uleb128 0x13
 936 00f5 00       		.byte	0
 937 00f6 00       		.byte	0
 938 00f7 12       		.uleb128 0x12
 939 00f8 898201   		.uleb128 0x4109
 940 00fb 00       		.byte	0
 941 00fc 11       		.uleb128 0x11
 942 00fd 01       		.uleb128 0x1
 943 00fe 31       		.uleb128 0x31
 944 00ff 13       		.uleb128 0x13
 945 0100 00       		.byte	0
 946 0101 00       		.byte	0
 947 0102 13       		.uleb128 0x13
 948 0103 898201   		.uleb128 0x4109
 949 0106 01       		.byte	0x1
 950 0107 11       		.uleb128 0x11
 951 0108 01       		.uleb128 0x1
 952 0109 31       		.uleb128 0x31
 953 010a 13       		.uleb128 0x13
 954 010b 01       		.uleb128 0x1
 955 010c 13       		.uleb128 0x13
 956 010d 00       		.byte	0
 957 010e 00       		.byte	0
 958 010f 14       		.uleb128 0x14
 959 0110 8A8201   		.uleb128 0x410a
 960 0113 00       		.byte	0
 961 0114 02       		.uleb128 0x2
 962 0115 18       		.uleb128 0x18
 963 0116 9142     		.uleb128 0x2111
 964 0118 18       		.uleb128 0x18
 965 0119 00       		.byte	0
 966 011a 00       		.byte	0
 967 011b 15       		.uleb128 0x15
 968 011c 0B       		.uleb128 0xb
 969 011d 01       		.byte	0x1
 970 011e 11       		.uleb128 0x11
 971 011f 01       		.uleb128 0x1
 972 0120 12       		.uleb128 0x12
 973 0121 06       		.uleb128 0x6
 974 0122 00       		.byte	0
 975 0123 00       		.byte	0
 976 0124 16       		.uleb128 0x16
 977 0125 01       		.uleb128 0x1
 978 0126 01       		.byte	0x1
 979 0127 49       		.uleb128 0x49
ARM GAS  C:\Users\USUARIO\AppData\Local\Temp\ccbY610b.s 			page 20


 980 0128 13       		.uleb128 0x13
 981 0129 01       		.uleb128 0x1
 982 012a 13       		.uleb128 0x13
 983 012b 00       		.byte	0
 984 012c 00       		.byte	0
 985 012d 17       		.uleb128 0x17
 986 012e 21       		.uleb128 0x21
 987 012f 00       		.byte	0
 988 0130 49       		.uleb128 0x49
 989 0131 13       		.uleb128 0x13
 990 0132 2F       		.uleb128 0x2f
 991 0133 0B       		.uleb128 0xb
 992 0134 00       		.byte	0
 993 0135 00       		.byte	0
 994 0136 18       		.uleb128 0x18
 995 0137 34       		.uleb128 0x34
 996 0138 00       		.byte	0
 997 0139 03       		.uleb128 0x3
 998 013a 0E       		.uleb128 0xe
 999 013b 3A       		.uleb128 0x3a
 1000 013c 0B       		.uleb128 0xb
 1001 013d 3B       		.uleb128 0x3b
 1002 013e 05       		.uleb128 0x5
 1003 013f 49       		.uleb128 0x49
 1004 0140 13       		.uleb128 0x13
 1005 0141 3F       		.uleb128 0x3f
 1006 0142 19       		.uleb128 0x19
 1007 0143 3C       		.uleb128 0x3c
 1008 0144 19       		.uleb128 0x19
 1009 0145 00       		.byte	0
 1010 0146 00       		.byte	0
 1011 0147 19       		.uleb128 0x19
 1012 0148 35       		.uleb128 0x35
 1013 0149 00       		.byte	0
 1014 014a 49       		.uleb128 0x49
 1015 014b 13       		.uleb128 0x13
 1016 014c 00       		.byte	0
 1017 014d 00       		.byte	0
 1018 014e 1A       		.uleb128 0x1a
 1019 014f 2E       		.uleb128 0x2e
 1020 0150 00       		.byte	0
 1021 0151 3F       		.uleb128 0x3f
 1022 0152 19       		.uleb128 0x19
 1023 0153 3C       		.uleb128 0x3c
 1024 0154 19       		.uleb128 0x19
 1025 0155 6E       		.uleb128 0x6e
 1026 0156 0E       		.uleb128 0xe
 1027 0157 03       		.uleb128 0x3
 1028 0158 0E       		.uleb128 0xe
 1029 0159 3A       		.uleb128 0x3a
 1030 015a 0B       		.uleb128 0xb
 1031 015b 3B       		.uleb128 0x3b
 1032 015c 0B       		.uleb128 0xb
 1033 015d 00       		.byte	0
 1034 015e 00       		.byte	0
 1035 015f 00       		.byte	0
 1036              		.section	.debug_loc,"",%progbits
ARM GAS  C:\Users\USUARIO\AppData\Local\Temp\ccbY610b.s 			page 21


 1037              	.Ldebug_loc0:
 1038              	.LLST0:
 1039 0000 00000000 		.4byte	.LVL0
 1040 0004 04000000 		.4byte	.LVL1
 1041 0008 0100     		.2byte	0x1
 1042 000a 50       		.byte	0x50
 1043 000b 04000000 		.4byte	.LVL1
 1044 000f 0C000000 		.4byte	.LFE63
 1045 0013 0900     		.2byte	0x9
 1046 0015 70       		.byte	0x70
 1047 0016 00       		.sleb128 0
 1048 0017 03       		.byte	0x3
 1049 0018 00000000 		.4byte	.LC0
 1050 001c 1C       		.byte	0x1c
 1051 001d 9F       		.byte	0x9f
 1052 001e 00000000 		.4byte	0
 1053 0022 00000000 		.4byte	0
 1054              	.LLST1:
 1055 0026 2C000000 		.4byte	.LVL8
 1056 002a 42000000 		.4byte	.LVL12
 1057 002e 0100     		.2byte	0x1
 1058 0030 54       		.byte	0x54
 1059 0031 00000000 		.4byte	0
 1060 0035 00000000 		.4byte	0
 1061              	.LLST2:
 1062 0039 50000000 		.4byte	.LVL16
 1063 003d 68000000 		.4byte	.LVL19
 1064 0041 0100     		.2byte	0x1
 1065 0043 51       		.byte	0x51
 1066 0044 72000000 		.4byte	.LVL20
 1067 0048 7A000000 		.4byte	.LVL21
 1068 004c 0100     		.2byte	0x1
 1069 004e 50       		.byte	0x50
 1070 004f 00000000 		.4byte	0
 1071 0053 00000000 		.4byte	0
 1072              	.LLST3:
 1073 0057 C4000000 		.4byte	.LVL33
 1074 005b DA000000 		.4byte	.LVL37
 1075 005f 0100     		.2byte	0x1
 1076 0061 53       		.byte	0x53
 1077 0062 DA000000 		.4byte	.LVL37
 1078 0066 DC000000 		.4byte	.LVL38
 1079 006a 0500     		.2byte	0x5
 1080 006c 73       		.byte	0x73
 1081 006d 00       		.sleb128 0
 1082 006e 34       		.byte	0x34
 1083 006f 25       		.byte	0x25
 1084 0070 9F       		.byte	0x9f
 1085 0071 DC000000 		.4byte	.LVL38
 1086 0075 E6000000 		.4byte	.LVL40
 1087 0079 0100     		.2byte	0x1
 1088 007b 53       		.byte	0x53
 1089 007c 00000000 		.4byte	0
 1090 0080 00000000 		.4byte	0
 1091              	.LLST4:
 1092 0084 06000000 		.4byte	.LVL3
 1093 0088 0A000000 		.4byte	.LVL4
ARM GAS  C:\Users\USUARIO\AppData\Local\Temp\ccbY610b.s 			page 22


 1094 008c 0200     		.2byte	0x2
 1095 008e 30       		.byte	0x30
 1096 008f 9F       		.byte	0x9f
 1097 0090 50000000 		.4byte	.LVL16
 1098 0094 52000000 		.4byte	.LVL17
 1099 0098 0200     		.2byte	0x2
 1100 009a 30       		.byte	0x30
 1101 009b 9F       		.byte	0x9f
 1102 009c 52000000 		.4byte	.LVL17
 1103 00a0 54000000 		.4byte	.LVL18
 1104 00a4 0100     		.2byte	0x1
 1105 00a6 52       		.byte	0x52
 1106 00a7 54000000 		.4byte	.LVL18
 1107 00ab 9C000000 		.4byte	.LVL25
 1108 00af 0100     		.2byte	0x1
 1109 00b1 54       		.byte	0x54
 1110 00b2 C4000000 		.4byte	.LVL33
 1111 00b6 C8000000 		.4byte	.LVL34
 1112 00ba 0200     		.2byte	0x2
 1113 00bc 30       		.byte	0x30
 1114 00bd 9F       		.byte	0x9f
 1115 00be C8000000 		.4byte	.LVL34
 1116 00c2 CA000000 		.4byte	.LVL35
 1117 00c6 0100     		.2byte	0x1
 1118 00c8 54       		.byte	0x54
 1119 00c9 CA000000 		.4byte	.LVL35
 1120 00cd CC000000 		.4byte	.LVL36
 1121 00d1 0100     		.2byte	0x1
 1122 00d3 52       		.byte	0x52
 1123 00d4 CC000000 		.4byte	.LVL36
 1124 00d8 E4000000 		.4byte	.LVL39
 1125 00dc 0100     		.2byte	0x1
 1126 00de 54       		.byte	0x54
 1127 00df E4000000 		.4byte	.LVL39
 1128 00e3 F2000000 		.4byte	.LVL41
 1129 00e7 0300     		.2byte	0x3
 1130 00e9 72       		.byte	0x72
 1131 00ea 02       		.sleb128 2
 1132 00eb 9F       		.byte	0x9f
 1133 00ec F2000000 		.4byte	.LVL41
 1134 00f0 F6000000 		.4byte	.LVL42
 1135 00f4 0100     		.2byte	0x1
 1136 00f6 54       		.byte	0x54
 1137 00f7 F6000000 		.4byte	.LVL42
 1138 00fb 04010000 		.4byte	.LVL43
 1139 00ff 0300     		.2byte	0x3
 1140 0101 74       		.byte	0x74
 1141 0102 01       		.sleb128 1
 1142 0103 9F       		.byte	0x9f
 1143 0104 04010000 		.4byte	.LVL43
 1144 0108 28010000 		.4byte	.LVL47
 1145 010c 0100     		.2byte	0x1
 1146 010e 54       		.byte	0x54
 1147 010f 00000000 		.4byte	0
 1148 0113 00000000 		.4byte	0
 1149              	.LLST5:
 1150 0117 06000000 		.4byte	.LVL3
ARM GAS  C:\Users\USUARIO\AppData\Local\Temp\ccbY610b.s 			page 23


 1151 011b 0A000000 		.4byte	.LVL4
 1152 011f 0200     		.2byte	0x2
 1153 0121 31       		.byte	0x31
 1154 0122 9F       		.byte	0x9f
 1155 0123 0A000000 		.4byte	.LVL4
 1156 0127 26000000 		.4byte	.LVL6
 1157 012b 0100     		.2byte	0x1
 1158 012d 54       		.byte	0x54
 1159 012e 26000000 		.4byte	.LVL6
 1160 0132 44000000 		.4byte	.LVL13
 1161 0136 0100     		.2byte	0x1
 1162 0138 55       		.byte	0x55
 1163 0139 44000000 		.4byte	.LVL13
 1164 013d 4A000000 		.4byte	.LVL14
 1165 0141 0100     		.2byte	0x1
 1166 0143 54       		.byte	0x54
 1167 0144 4A000000 		.4byte	.LVL14
 1168 0148 9E000000 		.4byte	.LVL26
 1169 014c 0100     		.2byte	0x1
 1170 014e 55       		.byte	0x55
 1171 014f 9E000000 		.4byte	.LVL26
 1172 0153 A4000000 		.4byte	.LVL27
 1173 0157 0100     		.2byte	0x1
 1174 0159 54       		.byte	0x54
 1175 015a A4000000 		.4byte	.LVL27
 1176 015e B8000000 		.4byte	.LVL30
 1177 0162 0100     		.2byte	0x1
 1178 0164 55       		.byte	0x55
 1179 0165 B8000000 		.4byte	.LVL30
 1180 0169 BE000000 		.4byte	.LVL31
 1181 016d 0100     		.2byte	0x1
 1182 016f 54       		.byte	0x54
 1183 0170 BE000000 		.4byte	.LVL31
 1184 0174 2A010000 		.4byte	.LVL48
 1185 0178 0100     		.2byte	0x1
 1186 017a 55       		.byte	0x55
 1187 017b 2A010000 		.4byte	.LVL48
 1188 017f 3C010000 		.4byte	.LVL50
 1189 0183 0100     		.2byte	0x1
 1190 0185 54       		.byte	0x54
 1191 0186 00000000 		.4byte	0
 1192 018a 00000000 		.4byte	0
 1193              	.LLST6:
 1194 018e A4000000 		.4byte	.LVL27
 1195 0192 AD000000 		.4byte	.LVL29-1
 1196 0196 0A00     		.2byte	0xa
 1197 0198 74       		.byte	0x74
 1198 0199 00       		.sleb128 0
 1199 019a 32       		.byte	0x32
 1200 019b 24       		.byte	0x24
 1201 019c 91       		.byte	0x91
 1202 019d 70       		.sleb128 -16
 1203 019e 22       		.byte	0x22
 1204 019f 08       		.byte	0x8
 1205 01a0 20       		.byte	0x20
 1206 01a1 1C       		.byte	0x1c
 1207 01a2 00000000 		.4byte	0
ARM GAS  C:\Users\USUARIO\AppData\Local\Temp\ccbY610b.s 			page 24


 1208 01a6 00000000 		.4byte	0
 1209              	.LLST7:
 1210 01aa 06000000 		.4byte	.LVL3
 1211 01ae 28000000 		.4byte	.LVL7
 1212 01b2 0300     		.2byte	0x3
 1213 01b4 91       		.byte	0x91
 1214 01b5 50       		.sleb128 -48
 1215 01b6 9F       		.byte	0x9f
 1216 01b7 28000000 		.4byte	.LVL7
 1217 01bb 2E000000 		.4byte	.LVL9
 1218 01bf 0100     		.2byte	0x1
 1219 01c1 53       		.byte	0x53
 1220 01c2 2E000000 		.4byte	.LVL9
 1221 01c6 4C000000 		.4byte	.LVL15
 1222 01ca 0300     		.2byte	0x3
 1223 01cc 91       		.byte	0x91
 1224 01cd 50       		.sleb128 -48
 1225 01ce 9F       		.byte	0x9f
 1226 01cf 4C000000 		.4byte	.LVL15
 1227 01d3 52000000 		.4byte	.LVL17
 1228 01d7 0100     		.2byte	0x1
 1229 01d9 53       		.byte	0x53
 1230 01da 52000000 		.4byte	.LVL17
 1231 01de A6000000 		.4byte	.LVL28
 1232 01e2 0300     		.2byte	0x3
 1233 01e4 91       		.byte	0x91
 1234 01e5 50       		.sleb128 -48
 1235 01e6 9F       		.byte	0x9f
 1236 01e7 A6000000 		.4byte	.LVL28
 1237 01eb AD000000 		.4byte	.LVL29-1
 1238 01ef 0100     		.2byte	0x1
 1239 01f1 53       		.byte	0x53
 1240 01f2 AD000000 		.4byte	.LVL29-1
 1241 01f6 C0000000 		.4byte	.LVL32
 1242 01fa 0300     		.2byte	0x3
 1243 01fc 91       		.byte	0x91
 1244 01fd 50       		.sleb128 -48
 1245 01fe 9F       		.byte	0x9f
 1246 01ff C0000000 		.4byte	.LVL32
 1247 0203 C4000000 		.4byte	.LVL33
 1248 0207 0100     		.2byte	0x1
 1249 0209 53       		.byte	0x53
 1250 020a C4000000 		.4byte	.LVL33
 1251 020e 3C010000 		.4byte	.LVL50
 1252 0212 0300     		.2byte	0x3
 1253 0214 91       		.byte	0x91
 1254 0215 50       		.sleb128 -48
 1255 0216 9F       		.byte	0x9f
 1256 0217 3C010000 		.4byte	.LVL50
 1257 021b 3E010000 		.4byte	.LVL51
 1258 021f 0100     		.2byte	0x1
 1259 0221 5D       		.byte	0x5d
 1260 0222 3E010000 		.4byte	.LVL51
 1261 0226 44010000 		.4byte	.LFE64
 1262 022a 0300     		.2byte	0x3
 1263 022c 91       		.byte	0x91
 1264 022d 50       		.sleb128 -48
ARM GAS  C:\Users\USUARIO\AppData\Local\Temp\ccbY610b.s 			page 25


 1265 022e 9F       		.byte	0x9f
 1266 022f 00000000 		.4byte	0
 1267 0233 00000000 		.4byte	0
 1268              		.section	.debug_aranges,"",%progbits
 1269 0000 24000000 		.4byte	0x24
 1270 0004 0200     		.2byte	0x2
 1271 0006 00000000 		.4byte	.Ldebug_info0
 1272 000a 04       		.byte	0x4
 1273 000b 00       		.byte	0
 1274 000c 0000     		.2byte	0
 1275 000e 0000     		.2byte	0
 1276 0010 00000000 		.4byte	.LFB63
 1277 0014 0C000000 		.4byte	.LFE63-.LFB63
 1278 0018 00000000 		.4byte	.LFB64
 1279 001c 44010000 		.4byte	.LFE64-.LFB64
 1280 0020 00000000 		.4byte	0
 1281 0024 00000000 		.4byte	0
 1282              		.section	.debug_ranges,"",%progbits
 1283              	.Ldebug_ranges0:
 1284 0000 00000000 		.4byte	.LFB63
 1285 0004 0C000000 		.4byte	.LFE63
 1286 0008 00000000 		.4byte	.LFB64
 1287 000c 44010000 		.4byte	.LFE64
 1288 0010 00000000 		.4byte	0
 1289 0014 00000000 		.4byte	0
 1290              		.section	.debug_line,"",%progbits
 1291              	.Ldebug_line0:
 1292 0000 DD010000 		.section	.debug_str,"MS",%progbits,1
 1292      02004F01 
 1292      00000201 
 1292      FB0E0D00 
 1292      01010101 
 1293              	.LASF32:
 1294 0000 69707269 		.ascii	"iprintf\000"
 1294      6E746600 
 1295              	.LASF9:
 1296 0008 5F5F696E 		.ascii	"__int32_t\000"
 1296      7433325F 
 1296      7400
 1297              	.LASF19:
 1298 0012 70737A46 		.ascii	"pszFmt\000"
 1298      6D7400
 1299              	.LASF13:
 1300 0019 666C6F61 		.ascii	"float\000"
 1300      7400
 1301              	.LASF1:
 1302 001f 756E7369 		.ascii	"unsigned char\000"
 1302      676E6564 
 1302      20636861 
 1302      7200
 1303              	.LASF25:
 1304 002d 6356616C 		.ascii	"cVal\000"
 1304      00
 1305              	.LASF20:
 1306 0032 70737A56 		.ascii	"pszVal\000"
 1306      616C00
 1307              	.LASF5:
ARM GAS  C:\Users\USUARIO\AppData\Local\Temp\ccbY610b.s 			page 26


 1308 0039 6C6F6E67 		.ascii	"long unsigned int\000"
 1308      20756E73 
 1308      69676E65 
 1308      6420696E 
 1308      7400
 1309              	.LASF29:
 1310 004b 69707269 		.ascii	"iprintf.c\000"
 1310      6E74662E 
 1310      6300
 1311              	.LASF3:
 1312 0055 73686F72 		.ascii	"short unsigned int\000"
 1312      7420756E 
 1312      7369676E 
 1312      65642069 
 1312      6E7400
 1313              	.LASF33:
 1314 0068 49544D5F 		.ascii	"ITM_RxBuffer\000"
 1314      52784275 
 1314      66666572 
 1314      00
 1315              	.LASF14:
 1316 0075 646F7562 		.ascii	"double\000"
 1316      6C6500
 1317              	.LASF27:
 1318 007c 69707574 		.ascii	"iputc\000"
 1318      6300
 1319              	.LASF12:
 1320 0082 75696E74 		.ascii	"uint32\000"
 1320      333200
 1321              	.LASF8:
 1322 0089 756E7369 		.ascii	"unsigned int\000"
 1322      676E6564 
 1322      20696E74 
 1322      00
 1323              	.LASF21:
 1324 0096 6956616C 		.ascii	"iVal\000"
 1324      00
 1325              	.LASF7:
 1326 009b 6C6F6E67 		.ascii	"long long unsigned int\000"
 1326      206C6F6E 
 1326      6720756E 
 1326      7369676E 
 1326      65642069 
 1327              	.LASF22:
 1328 00b2 7856616C 		.ascii	"xVal\000"
 1328      00
 1329              	.LASF31:
 1330 00b7 6368616E 		.ascii	"change\000"
 1330      676500
 1331              	.LASF28:
 1332 00be 474E5520 		.ascii	"GNU C11 5.4.1 20160609 (release) [ARM/embedded-5-br"
 1332      43313120 
 1332      352E342E 
 1332      31203230 
 1332      31363036 
 1333 00f1 616E6368 		.ascii	"anch revision 237715] -mcpu=cortex-m3 -mthumb -g -O"
 1333      20726576 
ARM GAS  C:\Users\USUARIO\AppData\Local\Temp\ccbY610b.s 			page 27


 1333      6973696F 
 1333      6E203233 
 1333      37373135 
 1334 0124 67202D66 		.ascii	"g -ffunction-sections -ffat-lto-objects\000"
 1334      66756E63 
 1334      74696F6E 
 1334      2D736563 
 1334      74696F6E 
 1335              	.LASF10:
 1336 014c 696E7433 		.ascii	"int32_t\000"
 1336      325F7400 
 1337              	.LASF17:
 1338 0154 73697A65 		.ascii	"sizetype\000"
 1338      74797065 
 1338      00
 1339              	.LASF6:
 1340 015d 6C6F6E67 		.ascii	"long long int\000"
 1340      206C6F6E 
 1340      6720696E 
 1340      7400
 1341              	.LASF30:
 1342 016b 443A5C4C 		.ascii	"D:\\Laboratorio\\Camara Climatica\\2021\\Camara Cli"
 1342      61626F72 
 1342      61746F72 
 1342      696F5C43 
 1342      616D6172 
 1343 019a 6D617469 		.ascii	"matica Peltier Touch Asemp Zomac SAS 256L #0045886X"
 1343      63612050 
 1343      656C7469 
 1343      65722054 
 1343      6F756368 
 1344 01cd 58204F50 		.ascii	"X OP2021161\\Firmware Psoc\\LCD2\\CamaraClimatica.c"
 1344      32303231 
 1344      3136315C 
 1344      4669726D 
 1344      77617265 
 1345 01fd 7964736E 		.ascii	"ydsn\000"
 1345      00
 1346              	.LASF26:
 1347 0202 70417267 		.ascii	"pArg\000"
 1347      00
 1348              	.LASF15:
 1349 0207 63686172 		.ascii	"char\000"
 1349      00
 1350              	.LASF24:
 1351 020c 696E6465 		.ascii	"index\000"
 1351      7800
 1352              	.LASF2:
 1353 0212 73686F72 		.ascii	"short int\000"
 1353      7420696E 
 1353      7400
 1354              	.LASF23:
 1355 021c 62756666 		.ascii	"buffer\000"
 1355      657200
 1356              	.LASF11:
 1357 0223 75696E74 		.ascii	"uint8\000"
 1357      3800
ARM GAS  C:\Users\USUARIO\AppData\Local\Temp\ccbY610b.s 			page 28


 1358              	.LASF4:
 1359 0229 6C6F6E67 		.ascii	"long int\000"
 1359      20696E74 
 1359      00
 1360              	.LASF16:
 1361 0232 6C6F6E67 		.ascii	"long double\000"
 1361      20646F75 
 1361      626C6500 
 1362              	.LASF0:
 1363 023e 7369676E 		.ascii	"signed char\000"
 1363      65642063 
 1363      68617200 
 1364              	.LASF18:
 1365 024a 496E6465 		.ascii	"Index\000"
 1365      7800
 1366              		.ident	"GCC: (GNU Tools for ARM Embedded Processors) 5.4.1 20160609 (release) [ARM/embedded-5-bran
