
ROM used:   98078/98304 (100%)
            98146/98304 (100%) including unused fragments

            9.6 Average locations per line
            18.0 Average locations per statement

RAM used:   3176/3328 (95%) at main() level
            3270/3328 (98%) worst case

Stack used: 8 worst case (6 in main + 2 for interrupts)
Stack size: 31

Lines Stmts  %   Files
----- ----- ---  -----
 1774  1465  27  GLCD_Controller.c
  843     0   0  C:\Program Files (x86)\PICC\Devices\18F4685.h
   37     0   0  stdio.h
  409     0   0  string.h
   28     0   0  stddef.h
   28     0   0  ctype.h
 1273   359   7  stdlib.h
 2229   257   5  math.h
  143    53   1  DS1302.c
   64    17   0  24512.c
 1675  1546  28  Funciones.h
 1665  1740  32  Menu.h
----- -----
10168  5437 Total

Page ROM  %  RAM   Vol Diff  Functions:
---- --- --- ---   --- ----  ----------
0     40   0    1             @delay_ms1
0      8   0    0             @PUTCHARI_BIU_1
0     24   0    0             @GETCH_BIU_1
0    106   0    3             @I2C_READ_1
0    118   0    1             @I2C_WRITE_1
0    246   0   11             @MULFF
0     54   0    2             @ITOF
0    632   1   16             @ADDFF
0    350   1   14             @DIVFF
0     70   0    5             @DIV1616
0    888   1   20  1121 10.1  CEIL_FLOOR
0    122   0   10             @FLT
0     60   0    4             @SFTOI
0     28   0    4    43  2.1  floor
0     30   0    4    44  1.9  ceil
0    358   1   16   259  6.9  fmod
0   1036   2   22  1071  8.0  exp
0     80   0    2             @SITOF
0    912   1   25   979 10.0  log
0    112   0    8   102  2.8  log10
0    778   1   12   556  7.5  pow
0     40   0    2   199  4.3  write_ds1302_byte
0     22   0    2    94  1.8  write_ds1302
0     94   0    3   401  4.9  read_ds1302
0     86   0    2   247  3.7  rtc_init
0     50   0    4   160  5.0  get_bcd
0     44   0    3             @DIV88
0     50   0    3   160  4.2  rm_bcd
0    188   0    7   402  2.2  rtc_set_datetime
 Inline         5   238  3.1  rtc_get_date
 Inline         4   170  3.0  rtc_get_time
0    116   0    5   143  2.4  write_ext_eeprom
0    168   0    5   279  0.9  read_ext_eeprom
0    834   1    4   672  5.7  controlaHumedad3
0     10   0    0    21  1.0  AC1_Read
0     10   0    0    21  1.0  AC2_Read
0     10   0    0    21  1.0  CR1_Read
0     10   0    0    21  1.0  CR2_Read
0     10   0    0    21  1.0  CR6_Read
0     10   0    0    21  1.0  BUZZER_Read
0     12   0    0    21  1.0  SSR_1_Read
0     22   0    1    90  2.5  SSR_1_Write
0     22   0    1    90  2.5  AC1_Write
0     22   0    1    90  2.5  AC2_Write
0     20   0    1    90  2.5  CR1_Write
0     20   0    1    90  2.5  CR2_Write
0     20   0    1    90  2.5  CR3_Write
0     22   0    1    90  2.5  CR6_Write
0     30   0    2    68  2.4  PWM_WriteCompare1
0     30   0    2    68  2.4  PWM_WriteCompare2
0     54   0    0   134  1.3  SendDataDisplay
0     18   0    1    35  1.4  BUZZER_Write
0     88   0    5   100  2.1  sensores
0     50   0    2    45  2.0  EEPROM_WriteByte
0     38   0    2    29  1.6  EEPROM_ReadByte
0    200   0   16   156  3.5  extraeDecimal
0    144   0   12   134  2.8  extraeDecimal2
0     64   0    5    64  2.4  inttofloat
0   3692   6    7  6869  5.5  LeeEEPROM
0   6060   9   16 12963  8.0  LimitaValores
0     34   0    5             @MUL1616
0    744   1    8   482  5.7  ActualizaRecta
1   7688  12   12  9964 10.8  Controla
0    182   0    0   136  3.2  CuentaTiempo
0    226   0    0   638  4.8  iniciaConteo
0    616   1    0  5296  6.5  LeeDisplay
1   1762   3    4  2694  8.8  controlaRampa
0     28   0    0             @const1508
0     42   0    3             @PSTRINGC_115200_31766_31767
0     26   0    0             @const1510
0     22   0    0             @const1511
0     22   0    0             @const1512
0     24   0    0             @const1513
0     26   0    0             @const1514
0     22   0    0             @const1515
0     22   0    0             @const1516
0     26   0    0             @const1517
0   1344   2   19  1372 10.1  leePt100
0   1080   2   19  1001  8.6  leePt1002
0   2704   4   49  2825 10.4  leeHumedad
0    490   1   11   600  8.0  leeLM35
0     84   0    3   111  3.8  esBisiesto
0    146   0    1   750  4.8  LimitaDia
0     42   0    0   321  1.9  ApagaSalidas
1   2430   4    4  3437  8.8  controlaTemperatura
0     28   0    0             @const1555
0     28   0    0             @const1556
0     24   0    0             @const1557
0     28   0    0             @const1558
0     26   0    0             @const1559
0     28   0    0             @const1560
0     28   0    0             @const1561
0     28   0    0             @const1562
0     28   0    0             @const1563
0     24   0    0             @const1564
0     28   0    0             @const1565
0     28   0    0             @const1566
0     26   0    0             @const1567
0    838   1    6   810  7.9  actualizaEjeX
0     22   0    0             @const1569
0    180   0    9             @PRINTF_LU_115200_31766_31767
0     50   0    4             @PSTRINGCN_115200_31766_31767
0    130   0    2             @PRINTF_U_115200_31766_31767
0    234   0    4   395  4.1  borraVector
0   1134   2    7  1392  7.3  dataUSB
1   3326   5    2  5260  7.9  controlaHumedad2
0     26   0    0             @const1580
0     26   0    0             @const1581
0     28   0    0             @const1582
0     26   0    0             @const1583
0     26   0    0             @const1584
0     32   0    0             @const1585
0     26   0    0             @const1586
0     26   0    0             @const1587
0     90   0    3   100  1.8  Envio_I2C
 Inline         4   188  3.5  Lectura_I2C
0    276   0    0  1376  2.5  Carga_Vector
0     20   0    0   117  2.2  Lee_Vector
0     60   0    1   153  3.9  Envio_Esclavos
0    202   0    2   211  4.1  Lectura_Esclavos
0    206   0    1  1018  6.3  ActivaAlarma
0  27536  42   18 99569 14.1  leeMenus
0     60   0    0             @const1603
0     16   0    0             @const1604
0     20   0    0             @const1605
0     20   0    0             @const1606
0     12   0    0             @const1607
0     20   0    0             @const1608
0     20   0    0             @const1609
0     10   0    0             @const1610
0     10   0    0             @const1611
0     10   0    0             @const1612
0     10   0    0             @const1613
0     10   0    0             @const1614
0     10   0    0             @const1615
0     10   0    0             @const1616
0     10   0    0             @const1617
0     10   0    0             @const1618
0     60   0    0             @const1619
0     20   0    0             @const1620
0     68   0    5             @FTOSD
0    148   0   13             @DIV3232
0    416   1   13             @PRINTF_L32D_115200_31766_31767FPFPF
0     16   0    0             @const1629
0     20   0    0             @const1630
0     12   0    0             @const1631
0     60   0    0             @const1632
0     10   0    0             @const1633
0     10   0    0             @const1634
0     10   0    0             @const1635
0     10   0    0             @const1636
0     10   0    0             @const1637
0     10   0    0             @const1638
0     16   0    0             @const1639
0     20   0    0             @const1640
0     12   0    0             @const1641
0     20   0    0             @const1642
0     14   0    0             @const1643
0     14   0    0             @const1644
0     12   0    0             @const1645
0     14   0    0             @const1646
0     12   0    0             @const1647
0     14   0    0             @const1648
0     12   0    0             @const1649
0     14   0    0             @const1650
0     14   0    0             @const1651
0     14   0    0             @const1652
0     12   0    0             @const1653
0     14   0    0             @const1654
0     12   0    0             @const1655
0     14   0    0             @const1656
0     12   0    0             @const1657
0     14   0    0             @const1658
0     12   0    0             @const1659
0     14   0    0             @const1660
0     12   0    0             @const1661
0     14   0    0             @const1662
0     14   0    0             @const1663
0     14   0    0             @const1664
0     14   0    0             @const1665
0     14   0    0             @const1666
0     22   0    0             @const1667
0     22   0    0             @const1668
0     18   0    0             @const1669
0     28   0    0             @const1670
0     28   0    0             @const1671
0     20   0    0             @const1672
0     18   0    0             @const1673
0    272   0   12             @PRINTF_L32D_115200_31766_31767
0     20   0    0             @const1676
0     22   0    0             @const1677
0     22   0    0             @const1678
0     14   0    0             @const1679
0     14   0    0             @const1680
0     18   0    0             @const1681
0     20   0    0             @const1682
0     16   0    0             @const1683
0     16   0    0             @const1684
0     18   0    0             @const1685
0     16   0    0             @const1686
0     12   0    0             @const1687
0     12   0    0             @const1688
0     42   0    0             @const1689
0     38   0    0             @const1690
0     52   0    0             @const1691
0     38   0    0             @const1692
0     32   0    0             @const1693
0     20   0    0             @const1694
0     20   0    0             @const1695
0     14   0    0             @const1696
0     14   0    0             @const1697
0     14   0    0             @const1698
0     14   0    0             @const1699
0     14   0    0             @const1700
0     14   0    0             @const1701
0     12   0    0             @const1702
0     12   0    0             @const1703
0     12   0    0             @const1704
0     12   0    0             @const1705
0     12   0    0             @const1706
0     12   0    0             @const1707
0     12   0    0             @const1708
0     12   0    0             @const1709
0     12   0    0             @const1710
0     12   0    0             @const1711
0     12   0    0             @const1712
0     12   0    0             @const1713
0     12   0    0             @const1714
0     12   0    0             @const1715
0     14   0    0             @const1716
0     16   0    0             @const1717
0     16   0    0             @const1718
0     16   0    0             @const1719
0     12   0    0             @const1720
0     14   0    0             @const1721
0     48   0    0             @const1722
0     18   0    0             @const1723
0     18   0    0             @const1724
0     18   0    0             @const1725
0     18   0    0             @const1726
0     18   0    0             @const1727
0     18   0    0             @const1728
0     18   0    0             @const1729
0     18   0    0             @const1730
0     18   0    0             @const1731
0     18   0    0             @const1732
0     18   0    0             @const1733
0     18   0    0             @const1734
0     18   0    0             @const1735
0     14   0    0             @const1736
0     18   0    0             @const1737
0     14   0    0             @const1738
0     82   0    0             @const1739
0     44   0    0             @const1740
0     40   0    0             @const1741
0     38   0    0             @const1742
0     28   0    0             @const1743
0     28   0    0             @const1744
0     26   0    0             @const1745
0     22   0    0             @const1746
0     44   0    0             @const1747
0     40   0    0             @const1748
0     38   0    0             @const1749
0     28   0    0             @const1750
0     18   0    0             @const1751
0     14   0    0             @const1752
0     12   0    0             @const1753
0     16   0    0             @const1754
0     14   0    0             @const1755
0     64   0    0             @const1756
0     14   0    0             @const1757
0     16   0    0             @const1758
0     12   0    0             @const1759
0     38   0    0             @const1760
0     32   0    0             @const1761
0     16   0    0             @const1762
0     16   0    0             @const1763
0     12   0    0             @const1764
0     16   0    0             @const1765
0     12   0    0             @const1766
0     14   0    0             @const1767
0     22   0    0             @const1768
0     20   0    0             @const1769
0     96   0    2   564  5.2  serial_rx_isr
0    452   1    1  2030  7.8  temp1s
0    112   0    0   359  4.7  temp2s
1  17408  27   10 72303 15.1  MAIN
0     16   0    0             @const1776
0      8   0    0             @const1777
0     14   0    0             @const1778
0     16   0    0             @const1779
0      8   0    0             @const1780
0      8   0    0             @const1781
0     12   0    0             @const1782
0     16   0    0             @const1783
0     26   0    0             @const1784
0     10   0    0             @const1785
0     26   0    0             @const1786
0     10   0    0             @const1787
0     28   0    0             @const1788
0     10   0    0             @const1789
0     28   0    0             @const1790
0     20   0    0             @const1791
0     14   0    0             @const1792
0     12   0    0             @const1793
0     16   0    0             @const1794
0     12   0    0             @const1795
0     26   0    0             @const1796
0     16   0    0             @const1797
0     26   0    0             @const1798
0     16   0    0             @const1799
0     10   0    0             @const1800
0     16   0    0             @const1801
0     12   0    0             @const1802
0     16   0    0             @const1803
0     56   0    0             @const1804
0     10   0    0             @const1805
0     12   0    0             @const1806
0     12   0    0             @const1807
0     10   0    0             @const1808
0     12   0    0             @const1809
0     14   0    0             @const1810
0     14   0    0             @const1811
0     16   0    0             @const1812
0     16   0    0             @const1813
0     12   0    0             @const1814
0     40   0    0             @const1815
0     40   0    0             @const1816
0     54   0    0             @const1817
0     60   0    0             @const1818
0     18   0    0             @const1819
0     14   0    0             @const1820
0     12   0    0             @const1821
0     14   0    0             @const1822
0     12   0    0             @const1823
0     12   0    0             @const1824
0     14   0    0             @const1825
0     14   0    0             @const1826
0     14   0    0             @const1827
0     14   0    0             @const1828
0     14   0    0             @const1829
0     14   0    0             @const1830
0     28   0    0             @const1831
0     10   0    0             @const1832
0     10   0    0             @const1833
0     26   0    0             @const1834
0     24   0    0             @const1835
0     10   0    0             @const1836
0     24   0    0             @const1837
0     26   0    0             @const1838
0     24   0    0             @const1839
0     10   0    0             @const1840
0     28   0    0             @const1841
0     26   0    0             @const1842
0     24   0    0             @const1843
0     10   0    0             @const1844
0     24   0    0             @const1845
0     26   0    0             @const1846
0     24   0    0             @const1847
0     10   0    0             @const1848
0     10   0    0             @const1849
0     24   0    0             @const1850
0     10   0    0             @const1851
0     10   0    0             @const1852
0     10   0    0             @const1853
0     10   0    0             @const1854
0     20   0    0             @const1855
0     20   0    0             @const1856
0     28   0    0             @const1857
0     10   0    0             @const1858
0     10   0    0             @const1859
0     10   0    0             @const1860
0     26   0    0             @const1861
0     26   0    0             @const1862
0     30   0    0             @const1863
0     28   0    0             @const1864
0     30   0    0             @const1865
0     28   0    0             @const1866
0     32   0    0             @const1867
0     28   0    0             @const1868
0     26   0    0             @const1869
0     24   0    0             @const1870
0     22   0    0             @const1871
0     36   0    0             @const1872
0     24   0    0             @const1873
0     38   0    0             @const1874
0     24   0    0             @const1875
0     30   0    0             @const1876
0     14   0    0             @const1877
0     28   0    0             @const1878
0     14   0    0             @const1879
0     26   0    0             @const1880
0     14   0    0             @const1881
0     24   0    0             @const1882
0     14   0    0             @const1883
0     26   0    0             @const1884
0     14   0    0             @const1885
0     26   0    0             @const1886
0     14   0    0             @const1887
0     24   0    0             @const1888
0     14   0    0             @const1889
0     28   0    0             @const1890
0     14   0    0             @const1891
0     28   0    0             @const1892
0     14   0    0             @const1893
0     28   0    0             @const1894
0     14   0    0             @const1895
0     26   0    0             @const1896
0     16   0    0             @const1897
0     26   0    0             @const1898
0     16   0    0             @const1899
0     26   0    0             @const1900
0     16   0    0             @const1901
0     28   0    0             @const1902
0     14   0    0             @const1903
0     28   0    0             @const1904
0     16   0    0             @const1905
0     22   0    0             @const1906
0     16   0    0             @const1907
0     14   0    0             @const1908
 Inline         0             @cinit1

Program metrics:
    Functions               76
    Statements              5437
    Comments                1593
    Volume (V)              331586
    Difficulty (D)          352.3
    Effort to implement (E) 116828295
    Time to implement (T)   1802 hours, 54 minutes
    Est Delivered Bugs (B)  80
    Cyclomatic Complexity   896
    Maintainability (MI)    92

 Segment     Used  Free
-----------  ----  ----
00000-00002     4  0  
00004-00006     0  4  
00008-0014E   328  0  
00150-0FFFE  65132  68  
10000-17FFE  32614  154  



